  Assembling main.asm...
main.asm(1): error A2008: syntax error : .
main.asm(2): error A2008: syntax error : .
main.asm(12): error A2070: invalid instruction operands
main.asm(14): error A2070: invalid instruction operands
main.asm(15): error A2070: invalid instruction operands
main.asm(16): error A2070: invalid instruction operands
main.asm(17): error A2070: invalid instruction operands
main.asm(18): error A2070: invalid instruction operands
main.asm(19): error A2008: syntax error : pushfd
main.asm(59): error A2008: syntax error : popfd
main.asm(60): error A2070: invalid instruction operands
main.asm(61): error A2070: invalid instruction operands
main.asm(62): error A2070: invalid instruction operands
main.asm(63): error A2070: invalid instruction operands
main.asm(64): error A2070: invalid instruction operands
main.asm(65): error A2070: invalid instruction operands
main.asm(72): error A2070: invalid instruction operands
main.asm(73): error A2070: invalid instruction operands
main.asm(74): error A2070: invalid instruction operands
main.asm(78): error A2008: syntax error : main
main.asm(78): error A2088: END directive required at end of file
C:\Program Files\Microsoft Visual Studio\2022\Community\MSBuild\Microsoft\VC\v170\BuildCustomizations\masm.targets(70,5): error MSB3721: The command "ml64.exe /c /nologo /Zi /Fo"x64\Debug\main.obj" /W3 /errorReport:prompt  /Tamain.asm" exited with code 1.
